Arguments: 
  /usr/local/bin/node /opt/yarn-v1.22.19/bin/yarn.js start

PATH: 
  /usr/local/sbin:/usr/local/bin:/usr/sbin:/usr/bin:/sbin:/bin

Yarn version: 
  1.22.19

Node version: 
  19.9.0

Platform: 
  linux x64

Trace: 
  SyntaxError: /usr/src/app/package.json: Expected ',' or '}' after property value in JSON at position 214
      at JSON.parse (<anonymous>)
      at /opt/yarn-v1.22.19/lib/cli.js:1629:59
      at Generator.next (<anonymous>)
      at step (/opt/yarn-v1.22.19/lib/cli.js:310:30)
      at /opt/yarn-v1.22.19/lib/cli.js:321:13

npm manifest: 
  {
    "name": "track-server",
    "version": "1.0.0",
    "description": "",
    "main": "index.js",
    "scripts": {
      "dev": "nodemon src/index.js",
      "start": "pm2 start index.js --watch --no-daemon --node-args"
  
      "
    },
    "keywords": [],
    "author": "",
    "license": "ISC",
    "dependencies": {
      "bcrypt": "^5.1.0",
      "express": "^4.18.2",
      "jsonwebtoken": "^9.0.0",
      "mongoose": "^6.9.0",
      "nodemon": "^2.0.20",
      "pm2": "^5.3.0"
    }
  }

yarn manifest: 
  No manifest

Lockfile: 
  No lockfile
